[0724/130111.732:ERROR:process_memory_win.cc(73)] ReadMemory at 0x93324c6000 of 852 bytes failed: Somente uma parte de um pedido ReadProcessMemory ou WriteProcessMemory foi concluída. (0x12B)
[0724/130111.740:ERROR:process_snapshot_win.cc(389)] ReadMemory PEB
[0724/130111.741:ERROR:process_memory_win.cc(73)] ReadMemory at 0x7ff63a930000 of 64 bytes failed: Somente uma parte de um pedido ReadProcessMemory ou WriteProcessMemory foi concluída. (0x12B)
[0724/130111.741:WARNING:pe_image_reader.cc(340)] could not read dos header from C:\Program Files (x86)\Google\Chrome\Application\chrome.exe
[0724/130111.742:ERROR:process_memory_win.cc(73)] ReadMemory at 0x7ff63a930000 of 64 bytes failed: Somente uma parte de um pedido ReadProcessMemory ou WriteProcessMemory foi concluída. (0x12B)
[0724/130111.742:WARNING:pe_image_reader.cc(340)] could not read dos header from C:\Program Files (x86)\Google\Chrome\Application\chrome.exe
[0724/130111.743:ERROR:process_memory_win.cc(73)] ReadMemory at 0x7ffbde440000 of 64 bytes failed: Somente uma parte de um pedido ReadProcessMemory ou WriteProcessMemory foi concluída. (0x12B)
[0724/130111.743:WARNING:pe_image_reader.cc(340)] could not read dos header from C:\WINDOWS\SYSTEM32\ntdll.dll
[0724/130111.743:ERROR:process_memory_win.cc(73)] ReadMemory at 0x7ffbde440000 of 64 bytes failed: Somente uma parte de um pedido ReadProcessMemory ou WriteProcessMemory foi concluída. (0x12B)
[0724/130111.743:WARNING:pe_image_reader.cc(340)] could not read dos header from C:\WINDOWS\SYSTEM32\ntdll.dll
[0724/130111.744:ERROR:process_memory_win.cc(73)] ReadMemory at 0x7ffbde030000 of 64 bytes failed: Somente uma parte de um pedido ReadProcessMemory ou WriteProcessMemory foi concluída. (0x12B)
[0724/130111.744:WARNING:pe_image_reader.cc(340)] could not read dos header from C:\WINDOWS\System32\KERNEL32.DLL
[0724/130111.744:ERROR:process_memory_win.cc(73)] ReadMemory at 0x7ffbde030000 of 64 bytes failed: Somente uma parte de um pedido ReadProcessMemory ou WriteProcessMemory foi concluída. (0x12B)
[0724/130111.745:WARNING:pe_image_reader.cc(340)] could not read dos header from C:\WINDOWS\System32\KERNEL32.DLL
[0724/130111.745:ERROR:process_memory_win.cc(73)] ReadMemory at 0x7ffbdbec0000 of 64 bytes failed: Somente uma parte de um pedido ReadProcessMemory ou WriteProcessMemory foi concluída. (0x12B)
[0724/130111.745:WARNING:pe_image_reader.cc(340)] could not read dos header from C:\WINDOWS\System32\KERNELBASE.dll
[0724/130111.746:ERROR:process_memory_win.cc(73)] ReadMemory at 0x7ffbdbec0000 of 64 bytes failed: Somente uma parte de um pedido ReadProcessMemory ou WriteProcessMemory foi concluída. (0x12B)
[0724/130111.746:WARNING:pe_image_reader.cc(340)] could not read dos header from C:\WINDOWS\System32\KERNELBASE.dll
[0724/130111.747:ERROR:process_memory_win.cc(73)] ReadMemory at 0x7ffbabf70000 of 64 bytes failed: Somente uma parte de um pedido ReadProcessMemory ou WriteProcessMemory foi concluída. (0x12B)
[0724/130111.747:WARNING:pe_image_reader.cc(340)] could not read dos header from C:\Program Files (x86)\Google\Chrome\Application\84.0.4147.89\chrome_elf.dll
[0724/130111.747:ERROR:process_memory_win.cc(73)] ReadMemory at 0x7ffbabf70000 of 64 bytes failed: Somente uma parte de um pedido ReadProcessMemory ou WriteProcessMemory foi concluída. (0x12B)
[0724/130111.747:WARNING:pe_image_reader.cc(340)] could not read dos header from C:\Program Files (x86)\Google\Chrome\Application\84.0.4147.89\chrome_elf.dll
[0724/130111.748:ERROR:process_memory_win.cc(73)] ReadMemory at 0x7ffbd1040000 of 64 bytes failed: Somente uma parte de um pedido ReadProcessMemory ou WriteProcessMemory foi concluída. (0x12B)
[0724/130111.749:WARNING:pe_image_reader.cc(340)] could not read dos header from C:\WINDOWS\SYSTEM32\VERSION.dll
[0724/130111.749:ERROR:process_memory_win.cc(73)] ReadMemory at 0x7ffbd1040000 of 64 bytes failed: Somente uma parte de um pedido ReadProcessMemory ou WriteProcessMemory foi concluída. (0x12B)
[0724/130111.749:WARNING:pe_image_reader.cc(340)] could not read dos header from C:\WINDOWS\SYSTEM32\VERSION.dll
[0724/130111.750:ERROR:process_memory_win.cc(73)] ReadMemory at 0x7ffbddc60000 of 64 bytes failed: Somente uma parte de um pedido ReadProcessMemory ou WriteProcessMemory foi concluída. (0x12B)
[0724/130111.750:WARNING:pe_image_reader.cc(340)] could not read dos header from C:\WINDOWS\System32\msvcrt.dll
[0724/130111.751:ERROR:process_memory_win.cc(73)] ReadMemory at 0x7ffbddc60000 of 64 bytes failed: Somente uma parte de um pedido ReadProcessMemory ou WriteProcessMemory foi concluída. (0x12B)
[0724/130111.751:WARNING:pe_image_reader.cc(340)] could not read dos header from C:\WINDOWS\System32\msvcrt.dll
[0724/130111.752:ERROR:process_memory_win.cc(73)] ReadMemory at 0x7ffbdc170000 of 64 bytes failed: Somente uma parte de um pedido ReadProcessMemory ou WriteProcessMemory foi concluída. (0x12B)
[0724/130111.753:WARNING:pe_image_reader.cc(340)] could not read dos header from C:\WINDOWS\System32\bcryptPrimitives.dll
[0724/130111.753:ERROR:process_memory_win.cc(73)] ReadMemory at 0x7ffbdc170000 of 64 bytes failed: Somente uma parte de um pedido ReadProcessMemory ou WriteProcessMemory foi concluída. (0x12B)
[0724/130111.753:WARNING:pe_image_reader.cc(340)] could not read dos header from C:\WINDOWS\System32\bcryptPrimitives.dll
[0724/130111.754:ERROR:process_memory_win.cc(73)] ReadMemory at 0x7ffbde2f0000 of 64 bytes failed: Somente uma parte de um pedido ReadProcessMemory ou WriteProcessMemory foi concluída. (0x12B)
[0724/130111.754:WARNING:pe_image_reader.cc(340)] could not read dos header from C:\WINDOWS\System32\ADVAPI32.dll
[0724/130111.754:ERROR:process_memory_win.cc(73)] ReadMemory at 0x7ffbde2f0000 of 64 bytes failed: Somente uma parte de um pedido ReadProcessMemory ou WriteProcessMemory foi concluída. (0x12B)
[0724/130111.754:WARNING:pe_image_reader.cc(340)] could not read dos header from C:\WINDOWS\System32\ADVAPI32.dll
[0724/130111.755:ERROR:process_memory_win.cc(73)] ReadMemory at 0x7ffbdd3c0000 of 64 bytes failed: Somente uma parte de um pedido ReadProcessMemory ou WriteProcessMemory foi concluída. (0x12B)
[0724/130111.755:WARNING:pe_image_reader.cc(340)] could not read dos header from C:\WINDOWS\System32\sechost.dll
[0724/130111.755:ERROR:process_memory_win.cc(73)] ReadMemory at 0x7ffbdd3c0000 of 64 bytes failed: Somente uma parte de um pedido ReadProcessMemory ou WriteProcessMemory foi concluída. (0x12B)
[0724/130111.755:WARNING:pe_image_reader.cc(340)] could not read dos header from C:\WINDOWS\System32\sechost.dll
[0724/130111.755:ERROR:process_memory_win.cc(73)] ReadMemory at 0x7ffbdd2a0000 of 64 bytes failed: Somente uma parte de um pedido ReadProcessMemory ou WriteProcessMemory foi concluída. (0x12B)
[0724/130111.755:WARNING:pe_image_reader.cc(340)] could not read dos header from C:\WINDOWS\System32\RPCRT4.dll
[0724/130111.756:ERROR:process_memory_win.cc(73)] ReadMemory at 0x7ffbdd2a0000 of 64 bytes failed: Somente uma parte de um pedido ReadProcessMemory ou WriteProcessMemory foi concluída. (0x12B)
[0724/130111.756:WARNING:pe_image_reader.cc(340)] could not read dos header from C:\WINDOWS\System32\RPCRT4.dll
[0724/130111.756:ERROR:process_memory_win.cc(73)] ReadMemory at 0x7ffb8d320000 of 64 bytes failed: Somente uma parte de um pedido ReadProcessMemory ou WriteProcessMemory foi concluída. (0x12B)
[0724/130111.756:WARNING:pe_image_reader.cc(340)] could not read dos header from C:\Program Files (x86)\Google\Chrome\Application\84.0.4147.89\chrome.dll
[0724/130111.756:ERROR:process_memory_win.cc(73)] ReadMemory at 0x7ffb8d320000 of 64 bytes failed: Somente uma parte de um pedido ReadProcessMemory ou WriteProcessMemory foi concluída. (0x12B)
[0724/130111.757:WARNING:pe_image_reader.cc(340)] could not read dos header from C:\Program Files (x86)\Google\Chrome\Application\84.0.4147.89\chrome.dll
[0724/130111.757:ERROR:process_memory_win.cc(73)] ReadMemory at 0x7ffbdd4c0000 of 64 bytes failed: Somente uma parte de um pedido ReadProcessMemory ou WriteProcessMemory foi concluída. (0x12B)
[0724/130111.757:WARNING:pe_image_reader.cc(340)] could not read dos header from C:\WINDOWS\System32\WS2_32.dll
[0724/130111.757:ERROR:process_memory_win.cc(73)] ReadMemory at 0x7ffbdd4c0000 of 64 bytes failed: Somente uma parte de um pedido ReadProcessMemory ou WriteProcessMemory foi concluída. (0x12B)
[0724/130111.758:WARNING:pe_image_reader.cc(340)] could not read dos header from C:\WINDOWS\System32\WS2_32.dll
[0724/130111.758:ERROR:process_memory_win.cc(73)] ReadMemory at 0x7ffbddf30000 of 64 bytes failed: Somente uma parte de um pedido ReadProcessMemory ou WriteProcessMemory foi concluída. (0x12B)
[0724/130111.758:WARNING:pe_image_reader.cc(340)] could not read dos header from C:\WINDOWS\System32\OLEAUT32.dll
[0724/130111.758:ERROR:process_memory_win.cc(73)] ReadMemory at 0x7ffbddf30000 of 64 bytes failed: Somente uma parte de um pedido ReadProcessMemory ou WriteProcessMemory foi concluída. (0x12B)
[0724/130111.758:WARNING:pe_image_reader.cc(340)] could not read dos header from C:\WINDOWS\System32\OLEAUT32.dll
[0724/130111.759:ERROR:process_memory_win.cc(73)] ReadMemory at 0x7ffbdbb20000 of 64 bytes failed: Somente uma parte de um pedido ReadProcessMemory ou WriteProcessMemory foi concluída. (0x12B)
[0724/130111.759:WARNING:pe_image_reader.cc(340)] could not read dos header from C:\WINDOWS\System32\msvcp_win.dll
[0724/130111.759:ERROR:process_memory_win.cc(73)] ReadMemory at 0x7ffbdbb20000 of 64 bytes failed: Somente uma parte de um pedido ReadProcessMemory ou WriteProcessMemory foi concluída. (0x12B)
[0724/130111.759:WARNING:pe_image_reader.cc(340)] could not read dos header from C:\WINDOWS\System32\msvcp_win.dll
[0724/130111.759:ERROR:process_memory_win.cc(73)] ReadMemory at 0x7ffbdbbc0000 of 64 bytes failed: Somente uma parte de um pedido ReadProcessMemory ou WriteProcessMemory foi concluída. (0x12B)
[0724/130111.760:WARNING:pe_image_reader.cc(340)] could not read dos header from C:\WINDOWS\System32\ucrtbase.dll
[0724/130111.760:ERROR:process_memory_win.cc(73)] ReadMemory at 0x7ffbdbbc0000 of 64 bytes failed: Somente uma parte de um pedido ReadProcessMemory ou WriteProcessMemory foi concluída. (0x12B)
[0724/130111.760:WARNING:pe_image_reader.cc(340)] could not read dos header from C:\WINDOWS\System32\ucrtbase.dll
[0724/130111.760:ERROR:process_memory_win.cc(73)] ReadMemory at 0x7ffbdd7c0000 of 64 bytes failed: Somente uma parte de um pedido ReadProcessMemory ou WriteProcessMemory foi concluída. (0x12B)
[0724/130111.760:WARNING:pe_image_reader.cc(340)] could not read dos header from C:\WINDOWS\System32\combase.dll
[0724/130111.761:ERROR:process_memory_win.cc(73)] ReadMemory at 0x7ffbdd7c0000 of 64 bytes failed: Somente uma parte de um pedido ReadProcessMemory ou WriteProcessMemory foi concluída. (0x12B)
[0724/130111.761:WARNING:pe_image_reader.cc(340)] could not read dos header from C:\WINDOWS\System32\combase.dll
[0724/130111.762:ERROR:process_memory_win.cc(73)] ReadMemory at 0x7ffbdbcc0000 of 64 bytes failed: Somente uma parte de um pedido ReadProcessMemory ou WriteProcessMemory foi concluída. (0x12B)
[0724/130111.762:WARNING:pe_image_reader.cc(340)] could not read dos header from C:\WINDOWS\System32\WINTRUST.dll
[0724/130111.762:ERROR:process_memory_win.cc(73)] ReadMemory at 0x7ffbdbcc0000 of 64 bytes failed: Somente uma parte de um pedido ReadProcessMemory ou WriteProcessMemory foi concluída. (0x12B)
[0724/130111.762:WARNING:pe_image_reader.cc(340)] could not read dos header from C:\WINDOWS\System32\WINTRUST.dll
[0724/130111.762:ERROR:process_memory_win.cc(73)] ReadMemory at 0x7ffbdb2d0000 of 64 bytes failed: Somente uma parte de um pedido ReadProcessMemory ou WriteProcessMemory foi concluída. (0x12B)
[0724/130111.762:WARNING:pe_image_reader.cc(340)] could not read dos header from C:\WINDOWS\System32\MSASN1.dll
[0724/130111.763:ERROR:process_memory_win.cc(73)] ReadMemory at 0x7ffbdb2d0000 of 64 bytes failed: Somente uma parte de um pedido ReadProcessMemory ou WriteProcessMemory foi concluída. (0x12B)
[0724/130111.763:WARNING:pe_image_reader.cc(340)] could not read dos header from C:\WINDOWS\System32\MSASN1.dll
[0724/130111.763:ERROR:process_memory_win.cc(73)] ReadMemory at 0x7ffbdc320000 of 64 bytes failed: Somente uma parte de um pedido ReadProcessMemory ou WriteProcessMemory foi concluída. (0x12B)
[0724/130111.763:WARNING:pe_image_reader.cc(340)] could not read dos header from C:\WINDOWS\System32\CRYPT32.dll
[0724/130111.763:ERROR:process_memory_win.cc(73)] ReadMemory at 0x7ffbdc320000 of 64 bytes failed: Somente uma parte de um pedido ReadProcessMemory ou WriteProcessMemory foi concluída. (0x12B)
[0724/130111.763:WARNING:pe_image_reader.cc(340)] could not read dos header from C:\WINDOWS\System32\CRYPT32.dll
[0724/130111.763:ERROR:process_memory_win.cc(73)] ReadMemory at 0x7ffbda7e0000 of 64 bytes failed: Somente uma parte de um pedido ReadProcessMemory ou WriteProcessMemory foi concluída. (0x12B)
[0724/130111.763:WARNING:pe_image_reader.cc(340)] could not read dos header from C:\WINDOWS\SYSTEM32\IPHLPAPI.DLL
[0724/130111.763:ERROR:process_memory_win.cc(73)] ReadMemory at 0x7ffbda7e0000 of 64 bytes failed: Somente uma parte de um pedido ReadProcessMemory ou WriteProcessMemory foi concluída. (0x12B)
[0724/130111.763:WARNING:pe_image_reader.cc(340)] could not read dos header from C:\WINDOWS\SYSTEM32\IPHLPAPI.DLL
[0724/130111.764:ERROR:process_memory_win.cc(73)] ReadMemory at 0x7ffbcd630000 of 64 bytes failed: Somente uma parte de um pedido ReadProcessMemory ou WriteProcessMemory foi concluída. (0x12B)
[0724/130111.764:WARNING:pe_image_reader.cc(340)] could not read dos header from C:\WINDOWS\SYSTEM32\WINMM.dll
[0724/130111.764:ERROR:process_memory_win.cc(73)] ReadMemory at 0x7ffbcd630000 of 64 bytes failed: Somente uma parte de um pedido ReadProcessMemory ou WriteProcessMemory foi concluída. (0x12B)
[0724/130111.764:WARNING:pe_image_reader.cc(340)] could not read dos header from C:\WINDOWS\SYSTEM32\WINMM.dll
[0724/130111.764:ERROR:process_memory_win.cc(73)] ReadMemory at 0x7ffbd1fb0000 of 64 bytes failed: Somente uma parte de um pedido ReadProcessMemory ou WriteProcessMemory foi concluída. (0x12B)
[0724/130111.764:WARNING:pe_image_reader.cc(340)] could not read dos header from C:\WINDOWS\SYSTEM32\Secur32.dll
[0724/130111.764:ERROR:process_memory_win.cc(73)] ReadMemory at 0x7ffbd1fb0000 of 64 bytes failed: Somente uma parte de um pedido ReadProcessMemory ou WriteProcessMemory foi concluída. (0x12B)
[0724/130111.764:WARNING:pe_image_reader.cc(340)] could not read dos header from C:\WINDOWS\SYSTEM32\Secur32.dll
[0724/130111.764:ERROR:process_memory_win.cc(73)] ReadMemory at 0x7ffbdb1e0000 of 64 bytes failed: Somente uma parte de um pedido ReadProcessMemory ou WriteProcessMemory foi concluída. (0x12B)
[0724/130111.764:WARNING:pe_image_reader.cc(340)] could not read dos header from C:\WINDOWS\SYSTEM32\USERENV.dll
[0724/130111.764:ERROR:process_memory_win.cc(73)] ReadMemory at 0x7ffbdb1e0000 of 64 bytes failed: Somente uma parte de um pedido ReadProcessMemory ou WriteProcessMemory foi concluída. (0x12B)
[0724/130111.764:WARNING:pe_image_reader.cc(340)] could not read dos header from C:\WINDOWS\SYSTEM32\USERENV.dll
[0724/130111.765:ERROR:process_memory_win.cc(73)] ReadMemory at 0x7ffbdb2f0000 of 64 bytes failed: Somente uma parte de um pedido ReadProcessMemory ou WriteProcessMemory foi concluída. (0x12B)
[0724/130111.765:WARNING:pe_image_reader.cc(340)] could not read dos header from C:\WINDOWS\System32\profapi.dll
[0724/130111.765:ERROR:process_memory_win.cc(73)] ReadMemory at 0x7ffbdb2f0000 of 64 bytes failed: Somente uma parte de um pedido ReadProcessMemory ou WriteProcessMemory foi concluída. (0x12B)
[0724/130111.765:WARNING:pe_image_reader.cc(340)] could not read dos header from C:\WINDOWS\System32\profapi.dll
[0724/130111.765:ERROR:process_memory_win.cc(73)] ReadMemory at 0x7ffbc70f0000 of 64 bytes failed: Somente uma parte de um pedido ReadProcessMemory ou WriteProcessMemory foi concluída. (0x12B)
[0724/130111.765:WARNING:pe_image_reader.cc(340)] could not read dos header from C:\WINDOWS\SYSTEM32\UIAutomationCore.DLL
[0724/130111.765:ERROR:process_memory_win.cc(73)] ReadMemory at 0x7ffbc70f0000 of 64 bytes failed: Somente uma parte de um pedido ReadProcessMemory ou WriteProcessMemory foi concluída. (0x12B)
[0724/130111.765:WARNING:pe_image_reader.cc(340)] could not read dos header from C:\WINDOWS\SYSTEM32\UIAutomationCore.DLL
[0724/130111.766:ERROR:process_memory_win.cc(73)] ReadMemory at 0x7ffbca7a0000 of 64 bytes failed: Somente uma parte de um pedido ReadProcessMemory ou WriteProcessMemory foi concluída. (0x12B)
[0724/130111.766:WARNING:pe_image_reader.cc(340)] could not read dos header from C:\WINDOWS\SYSTEM32\DWrite.dll
[0724/130111.766:ERROR:process_memory_win.cc(73)] ReadMemory at 0x7ffbca7a0000 of 64 bytes failed: Somente uma parte de um pedido ReadProcessMemory ou WriteProcessMemory foi concluída. (0x12B)
[0724/130111.766:WARNING:pe_image_reader.cc(340)] could not read dos header from C:\WINDOWS\SYSTEM32\DWrite.dll
[0724/130111.766:ERROR:process_memory_win.cc(73)] ReadMemory at 0x7ffbd6900000 of 64 bytes failed: Somente uma parte de um pedido ReadProcessMemory ou WriteProcessMemory foi concluída. (0x12B)
[0724/130111.766:WARNING:pe_image_reader.cc(340)] could not read dos header from C:\WINDOWS\SYSTEM32\WINSPOOL.DRV
[0724/130111.766:ERROR:process_memory_win.cc(73)] ReadMemory at 0x7ffbd6900000 of 64 bytes failed: Somente uma parte de um pedido ReadProcessMemory ou WriteProcessMemory foi concluída. (0x12B)
[0724/130111.766:WARNING:pe_image_reader.cc(340)] could not read dos header from C:\WINDOWS\SYSTEM32\WINSPOOL.DRV
[0724/130111.766:ERROR:process_memory_win.cc(73)] ReadMemory at 0x7ffbdb320000 of 64 bytes failed: Somente uma parte de um pedido ReadProcessMemory ou WriteProcessMemory foi concluída. (0x12B)
[0724/130111.766:WARNING:pe_image_reader.cc(340)] could not read dos header from C:\WINDOWS\System32\kernel.appcore.dll
[0724/130111.767:ERROR:process_memory_win.cc(73)] ReadMemory at 0x7ffbdb320000 of 64 bytes failed: Somente uma parte de um pedido ReadProcessMemory ou WriteProcessMemory foi concluída. (0x12B)
[0724/130111.767:WARNING:pe_image_reader.cc(340)] could not read dos header from C:\WINDOWS\System32\kernel.appcore.dll
[0724/130111.767:ERROR:process_memory_win.cc(73)] ReadMemory at 0x7ffbdc1f0000 of 64 bytes failed: Somente uma parte de um pedido ReadProcessMemory ou WriteProcessMemory foi concluída. (0x12B)
[0724/130111.767:WARNING:pe_image_reader.cc(340)] could not read dos header from C:\WINDOWS\System32\bcrypt.dll
[0724/130111.767:ERROR:process_memory_win.cc(73)] ReadMemory at 0x7ffbdc1f0000 of 64 bytes failed: Somente uma parte de um pedido ReadProcessMemory ou WriteProcessMemory foi concluída. (0x12B)
[0724/130111.767:WARNING:pe_image_reader.cc(340)] could not read dos header from C:\WINDOWS\System32\bcrypt.dll
[0724/130111.767:ERROR:process_memory_win.cc(73)] ReadMemory at 0x7ffbd5c80000 of 64 bytes failed: Somente uma parte de um pedido ReadProcessMemory ou WriteProcessMemory foi concluída. (0x12B)
[0724/130111.767:WARNING:pe_image_reader.cc(340)] could not read dos header from C:\WINDOWS\SYSTEM32\dbghelp.dll
[0724/130111.767:ERROR:process_memory_win.cc(73)] ReadMemory at 0x7ffbd5c80000 of 64 bytes failed: Somente uma parte de um pedido ReadProcessMemory ou WriteProcessMemory foi concluída. (0x12B)
[0724/130111.767:WARNING:pe_image_reader.cc(340)] could not read dos header from C:\WINDOWS\SYSTEM32\dbghelp.dll
[0724/130111.767:ERROR:process_memory_win.cc(73)] ReadMemory at 0x7ffbd5900000 of 64 bytes failed: Somente uma parte de um pedido ReadProcessMemory ou WriteProcessMemory foi concluída. (0x12B)
[0724/130111.768:WARNING:pe_image_reader.cc(340)] could not read dos header from C:\WINDOWS\SYSTEM32\WINHTTP.dll
[0724/130111.768:ERROR:process_memory_win.cc(73)] ReadMemory at 0x7ffbd5900000 of 64 bytes failed: Somente uma parte de um pedido ReadProcessMemory ou WriteProcessMemory foi concluída. (0x12B)
[0724/130111.768:WARNING:pe_image_reader.cc(340)] could not read dos header from C:\WINDOWS\SYSTEM32\WINHTTP.dll
[0724/130111.768:ERROR:process_memory_win.cc(73)] ReadMemory at 0x7ffbd63e0000 of 64 bytes failed: Somente uma parte de um pedido ReadProcessMemory ou WriteProcessMemory foi concluída. (0x12B)
[0724/130111.768:WARNING:pe_image_reader.cc(340)] could not read dos header from C:\WINDOWS\SYSTEM32\dhcpcsvc.DLL
[0724/130111.768:ERROR:process_memory_win.cc(73)] ReadMemory at 0x7ffbd63e0000 of 64 bytes failed: Somente uma parte de um pedido ReadProcessMemory ou WriteProcessMemory foi concluída. (0x12B)
[0724/130111.768:WARNING:pe_image_reader.cc(340)] could not read dos header from C:\WINDOWS\SYSTEM32\dhcpcsvc.DLL
[0724/130111.768:ERROR:process_memory_win.cc(73)] ReadMemory at 0x7ffbdd530000 of 64 bytes failed: Somente uma parte de um pedido ReadProcessMemory ou WriteProcessMemory foi concluída. (0x12B)
[0724/130111.768:WARNING:pe_image_reader.cc(340)] could not read dos header from C:\WINDOWS\System32\NSI.dll
[0724/130111.768:ERROR:process_memory_win.cc(73)] ReadMemory at 0x7ffbdd530000 of 64 bytes failed: Somente uma parte de um pedido ReadProcessMemory ou WriteProcessMemory foi concluída. (0x12B)
[0724/130111.768:WARNING:pe_image_reader.cc(340)] could not read dos header from C:\WINDOWS\System32\NSI.dll
[0724/130111.768:ERROR:process_memory_win.cc(73)] ReadMemory at 0x7ffbd1010000 of 64 bytes failed: Somente uma parte de um pedido ReadProcessMemory ou WriteProcessMemory foi concluída. (0x12B)
[0724/130111.769:WARNING:pe_image_reader.cc(340)] could not read dos header from C:\WINDOWS\SYSTEM32\WINMMBASE.dll
[0724/130111.769:ERROR:process_memory_win.cc(73)] ReadMemory at 0x7ffbd1010000 of 64 bytes failed: Somente uma parte de um pedido ReadProcessMemory ou WriteProcessMemory foi concluída. (0x12B)
[0724/130111.769:WARNING:pe_image_reader.cc(340)] could not read dos header from C:\WINDOWS\SYSTEM32\WINMMBASE.dll
[0724/130111.769:ERROR:process_memory_win.cc(73)] ReadMemory at 0x7ffbdc2d0000 of 64 bytes failed: Somente uma parte de um pedido ReadProcessMemory ou WriteProcessMemory foi concluída. (0x12B)
[0724/130111.769:WARNING:pe_image_reader.cc(340)] could not read dos header from C:\WINDOWS\System32\cfgmgr32.dll
[0724/130111.769:ERROR:process_memory_win.cc(73)] ReadMemory at 0x7ffbdc2d0000 of 64 bytes failed: Somente uma parte de um pedido ReadProcessMemory ou WriteProcessMemory foi concluída. (0x12B)
[0724/130111.769:WARNING:pe_image_reader.cc(340)] could not read dos header from C:\WINDOWS\System32\cfgmgr32.dll
[0724/130111.769:ERROR:process_memory_win.cc(73)] ReadMemory at 0x7ffbd7c40000 of 64 bytes failed: Somente uma parte de um pedido ReadProcessMemory ou WriteProcessMemory foi concluída. (0x12B)
[0724/130111.769:WARNING:pe_image_reader.cc(340)] could not read dos header from C:\WINDOWS\SYSTEM32\PROPSYS.dll
[0724/130111.769:ERROR:process_memory_win.cc(73)] ReadMemory at 0x7ffbd7c40000 of 64 bytes failed: Somente uma parte de um pedido ReadProcessMemory ou WriteProcessMemory foi concluída. (0x12B)
[0724/130111.769:WARNING:pe_image_reader.cc(340)] could not read dos header from C:\WINDOWS\SYSTEM32\PROPSYS.dll
[0724/130111.770:ERROR:process_memory_win.cc(73)] ReadMemory at 0x7ffbde170000 of 64 bytes failed: Somente uma parte de um pedido ReadProcessMemory ou WriteProcessMemory foi concluída. (0x12B)
[0724/130111.770:WARNING:pe_image_reader.cc(340)] could not read dos header from C:\WINDOWS\System32\shcore.dll
[0724/130111.770:ERROR:process_memory_win.cc(73)] ReadMemory at 0x7ffbde170000 of 64 bytes failed: Somente uma parte de um pedido ReadProcessMemory ou WriteProcessMemory foi concluída. (0x12B)
[0724/130111.770:WARNING:pe_image_reader.cc(340)] could not read dos header from C:\WINDOWS\System32\shcore.dll
[0724/130111.770:ERROR:process_memory_win.cc(73)] ReadMemory at 0x7ffbdb1b0000 of 64 bytes failed: Somente uma parte de um pedido ReadProcessMemory ou WriteProcessMemory foi concluída. (0x12B)
[0724/130111.770:WARNING:pe_image_reader.cc(340)] could not read dos header from C:\WINDOWS\SYSTEM32\SSPICLI.DLL
[0724/130111.770:ERROR:process_memory_win.cc(73)] ReadMemory at 0x7ffbdb1b0000 of 64 bytes failed: Somente uma parte de um pedido ReadProcessMemory ou WriteProcessMemory foi concluída. (0x12B)
[0724/130111.770:WARNING:pe_image_reader.cc(340)] could not read dos header from C:\WINDOWS\SYSTEM32\SSPICLI.DLL
[0724/130111.770:ERROR:process_memory_win.cc(73)] ReadMemory at 0x7ffbdca00000 of 64 bytes failed: Somente uma parte de um pedido ReadProcessMemory ou WriteProcessMemory foi concluída. (0x12B)
[0724/130111.770:WARNING:pe_image_reader.cc(340)] could not read dos header from C:\WINDOWS\System32\SHELL32.dll
[0724/130111.770:ERROR:process_memory_win.cc(73)] ReadMemory at 0x7ffbdca00000 of 64 bytes failed: Somente uma parte de um pedido ReadProcessMemory ou WriteProcessMemory foi concluída. (0x12B)
[0724/130111.771:WARNING:pe_image_reader.cc(340)] could not read dos header from C:\WINDOWS\System32\SHELL32.dll
[0724/130111.771:ERROR:process_memory_win.cc(73)] ReadMemory at 0x7ffbdb390000 of 64 bytes failed: Somente uma parte de um pedido ReadProcessMemory ou WriteProcessMemory foi concluída. (0x12B)
[0724/130111.771:WARNING:pe_image_reader.cc(340)] could not read dos header from C:\WINDOWS\System32\windows.storage.dll
[0724/130111.771:ERROR:process_memory_win.cc(73)] ReadMemory at 0x7ffbdb390000 of 64 bytes failed: Somente uma parte de um pedido ReadProcessMemory ou WriteProcessMemory foi concluída. (0x12B)
[0724/130111.771:WARNING:pe_image_reader.cc(340)] could not read dos header from C:\WINDOWS\System32\windows.storage.dll
[0724/130111.771:ERROR:process_memory_win.cc(73)] ReadMemory at 0x7ffbdb340000 of 64 bytes failed: Somente uma parte de um pedido ReadProcessMemory ou WriteProcessMemory foi concluída. (0x12B)
[0724/130111.771:WARNING:pe_image_reader.cc(340)] could not read dos header from C:\WINDOWS\System32\powrprof.dll
[0724/130111.771:ERROR:process_memory_win.cc(73)] ReadMemory at 0x7ffbdb340000 of 64 bytes failed: Somente uma parte de um pedido ReadProcessMemory ou WriteProcessMemory foi concluída. (0x12B)
[0724/130111.771:WARNING:pe_image_reader.cc(340)] could not read dos header from C:\WINDOWS\System32\powrprof.dll
[0724/130111.771:ERROR:process_memory_win.cc(73)] ReadMemory at 0x7ffbdb2c0000 of 64 bytes failed: Somente uma parte de um pedido ReadProcessMemory ou WriteProcessMemory foi concluída. (0x12B)
[0724/130111.772:WARNING:pe_image_reader.cc(340)] could not read dos header from C:\WINDOWS\System32\UMPDC.dll
[0724/130111.772:ERROR:process_memory_win.cc(73)] ReadMemory at 0x7ffbdb2c0000 of 64 bytes failed: Somente uma parte de um pedido ReadProcessMemory ou WriteProcessMemory foi concluída. (0x12B)
[0724/130111.772:WARNING:pe_image_reader.cc(340)] could not read dos header from C:\WINDOWS\System32\UMPDC.dll
[0724/130111.772:ERROR:process_memory_win.cc(73)] ReadMemory at 0x7ffbdc930000 of 64 bytes failed: Somente uma parte de um pedido ReadProcessMemory ou WriteProcessMemory foi concluída. (0x12B)
[0724/130111.772:WARNING:pe_image_reader.cc(340)] could not read dos header from C:\WINDOWS\System32\shlwapi.dll
[0724/130111.772:ERROR:process_memory_win.cc(73)] ReadMemory at 0x7ffbdc930000 of 64 bytes failed: Somente uma parte de um pedido ReadProcessMemory ou WriteProcessMemory foi concluída. (0x12B)
[0724/130111.772:WARNING:pe_image_reader.cc(340)] could not read dos header from C:\WINDOWS\System32\shlwapi.dll
[0724/130111.772:ERROR:process_memory_win.cc(73)] ReadMemory at 0x7ffbde000000 of 64 bytes failed: Somente uma parte de um pedido ReadProcessMemory ou WriteProcessMemory foi concluída. (0x12B)
[0724/130111.772:WARNING:pe_image_reader.cc(340)] could not read dos header from C:\WINDOWS\System32\GDI32.dll
[0724/130111.773:ERROR:process_memory_win.cc(73)] ReadMemory at 0x7ffbde000000 of 64 bytes failed: Somente uma parte de um pedido ReadProcessMemory ou WriteProcessMemory foi concluída. (0x12B)
[0724/130111.773:WARNING:pe_image_reader.cc(340)] could not read dos header from C:\WINDOWS\System32\GDI32.dll
[0724/130111.773:ERROR:process_memory_win.cc(73)] ReadMemory at 0x7ffbdc470000 of 64 bytes failed: Somente uma parte de um pedido ReadProcessMemory ou WriteProcessMemory foi concluída. (0x12B)
[0724/130111.773:WARNING:pe_image_reader.cc(340)] could not read dos header from C:\WINDOWS\System32\win32u.dll
[0724/130111.773:ERROR:process_memory_win.cc(73)] ReadMemory at 0x7ffbdc470000 of 64 bytes failed: Somente uma parte de um pedido ReadProcessMemory ou WriteProcessMemory foi concluída. (0x12B)
[0724/130111.773:WARNING:pe_image_reader.cc(340)] could not read dos header from C:\WINDOWS\System32\win32u.dll
[0724/130111.773:ERROR:process_memory_win.cc(73)] ReadMemory at 0x7ffbdbd20000 of 64 bytes failed: Somente uma parte de um pedido ReadProcessMemory ou WriteProcessMemory foi concluída. (0x12B)
[0724/130111.773:WARNING:pe_image_reader.cc(340)] could not read dos header from C:\WINDOWS\System32\gdi32full.dll
[0724/130111.773:ERROR:process_memory_win.cc(73)] ReadMemory at 0x7ffbdbd20000 of 64 bytes failed: Somente uma parte de um pedido ReadProcessMemory ou WriteProcessMemory foi concluída. (0x12B)
[0724/130111.773:WARNING:pe_image_reader.cc(340)] could not read dos header from C:\WINDOWS\System32\gdi32full.dll
[0724/130111.774:ERROR:process_memory_win.cc(73)] ReadMemory at 0x7ffbddd00000 of 64 bytes failed: Somente uma parte de um pedido ReadProcessMemory ou WriteProcessMemory foi concluída. (0x12B)
[0724/130111.774:WARNING:pe_image_reader.cc(340)] could not read dos header from C:\WINDOWS\System32\USER32.dll
[0724/130111.774:ERROR:process_memory_win.cc(73)] ReadMemory at 0x7ffbddd00000 of 64 bytes failed: Somente uma parte de um pedido ReadProcessMemory ou WriteProcessMemory foi concluída. (0x12B)
[0724/130111.774:WARNING:pe_image_reader.cc(340)] could not read dos header from C:\WINDOWS\System32\USER32.dll
[0724/130111.774:ERROR:process_memory_win.cc(73)] ReadMemory at 0x7ffbdc4a0000 of 64 bytes failed: Somente uma parte de um pedido ReadProcessMemory ou WriteProcessMemory foi concluída. (0x12B)
[0724/130111.774:WARNING:pe_image_reader.cc(340)] could not read dos header from C:\WINDOWS\System32\cryptsp.dll
[0724/130111.774:ERROR:process_memory_win.cc(73)] ReadMemory at 0x7ffbdc4a0000 of 64 bytes failed: Somente uma parte de um pedido ReadProcessMemory ou WriteProcessMemory foi concluída. (0x12B)
[0724/130111.774:WARNING:pe_image_reader.cc(340)] could not read dos header from C:\WINDOWS\System32\cryptsp.dll
[0724/130111.774:ERROR:process_memory_win.cc(73)] ReadMemory at 0x7ffbde3a0000 of 64 bytes failed: Somente uma parte de um pedido ReadProcessMemory ou WriteProcessMemory foi concluída. (0x12B)
[0724/130111.774:WARNING:pe_image_reader.cc(340)] could not read dos header from C:\WINDOWS\System32\IMM32.DLL
[0724/130111.774:ERROR:process_memory_win.cc(73)] ReadMemory at 0x7ffbde3a0000 of 64 bytes failed: Somente uma parte de um pedido ReadProcessMemory ou WriteProcessMemory foi concluída. (0x12B)
[0724/130111.775:WARNING:pe_image_reader.cc(340)] could not read dos header from C:\WINDOWS\System32\IMM32.DLL
[0724/130111.775:ERROR:process_memory_win.cc(73)] ReadMemory at 0x7ffbdaca0000 of 64 bytes failed: Somente uma parte de um pedido ReadProcessMemory ou WriteProcessMemory foi concluída. (0x12B)
[0724/130111.775:WARNING:pe_image_reader.cc(340)] could not read dos header from C:\WINDOWS\SYSTEM32\CRYPTBASE.DLL
[0724/130111.775:ERROR:process_memory_win.cc(73)] ReadMemory at 0x7ffbdaca0000 of 64 bytes failed: Somente uma parte de um pedido ReadProcessMemory ou WriteProcessMemory foi concluída. (0x12B)
[0724/130111.775:WARNING:pe_image_reader.cc(340)] could not read dos header from C:\WINDOWS\SYSTEM32\CRYPTBASE.DLL
[0724/130111.775:ERROR:process_memory_win.cc(73)] ReadMemory at 0x7ffbd6ef0000 of 64 bytes failed: Somente uma parte de um pedido ReadProcessMemory ou WriteProcessMemory foi concluída. (0x12B)
[0724/130111.775:WARNING:pe_image_reader.cc(340)] could not read dos header from C:\WINDOWS\system32\NLAapi.dll
[0724/130111.775:ERROR:process_memory_win.cc(73)] ReadMemory at 0x7ffbd6ef0000 of 64 bytes failed: Somente uma parte de um pedido ReadProcessMemory ou WriteProcessMemory foi concluída. (0x12B)
[0724/130111.775:WARNING:pe_image_reader.cc(340)] could not read dos header from C:\WINDOWS\system32\NLAapi.dll
[0724/130111.775:ERROR:process_memory_win.cc(73)] ReadMemory at 0x7ffbd58e0000 of 64 bytes failed: Somente uma parte de um pedido ReadProcessMemory ou WriteProcessMemory foi concluída. (0x12B)
[0724/130111.776:WARNING:pe_image_reader.cc(340)] could not read dos header from C:\WINDOWS\SYSTEM32\dhcpcsvc6.DLL
[0724/130111.776:ERROR:process_memory_win.cc(73)] ReadMemory at 0x7ffbd58e0000 of 64 bytes failed: Somente uma parte de um pedido ReadProcessMemory ou WriteProcessMemory foi concluída. (0x12B)
[0724/130111.776:WARNING:pe_image_reader.cc(340)] could not read dos header from C:\WINDOWS\SYSTEM32\dhcpcsvc6.DLL
[0724/130111.776:ERROR:process_memory_win.cc(73)] ReadMemory at 0x7ffbda870000 of 64 bytes failed: Somente uma parte de um pedido ReadProcessMemory ou WriteProcessMemory foi concluída. (0x12B)
[0724/130111.776:WARNING:pe_image_reader.cc(340)] could not read dos header from C:\WINDOWS\SYSTEM32\DNSAPI.dll
[0724/130111.776:ERROR:process_memory_win.cc(73)] ReadMemory at 0x7ffbda870000 of 64 bytes failed: Somente uma parte de um pedido ReadProcessMemory ou WriteProcessMemory foi concluída. (0x12B)
[0724/130111.776:WARNING:pe_image_reader.cc(340)] could not read dos header from C:\WINDOWS\SYSTEM32\DNSAPI.dll
[0724/130111.776:ERROR:process_memory_win.cc(73)] ReadMemory at 0x7ffbd4ee0000 of 64 bytes failed: Somente uma parte de um pedido ReadProcessMemory ou WriteProcessMemory foi concluída. (0x12B)
[0724/130111.776:WARNING:pe_image_reader.cc(340)] could not read dos header from C:\WINDOWS\SYSTEM32\wlanapi.dll
[0724/130111.776:ERROR:process_memory_win.cc(73)] ReadMemory at 0x7ffbd4ee0000 of 64 bytes failed: Somente uma parte de um pedido ReadProcessMemory ou WriteProcessMemory foi concluída. (0x12B)
[0724/130111.776:WARNING:pe_image_reader.cc(340)] could not read dos header from C:\WINDOWS\SYSTEM32\wlanapi.dll
[0724/130111.777:ERROR:process_memory_win.cc(73)] ReadMemory at 0x7ffbdaad0000 of 64 bytes failed: Somente uma parte de um pedido ReadProcessMemory ou WriteProcessMemory foi concluída. (0x12B)
[0724/130111.777:WARNING:pe_image_reader.cc(340)] could not read dos header from C:\WINDOWS\system32\mswsock.dll
[0724/130111.777:ERROR:process_memory_win.cc(73)] ReadMemory at 0x7ffbdaad0000 of 64 bytes failed: Somente uma parte de um pedido ReadProcessMemory ou WriteProcessMemory foi concluída. (0x12B)
[0724/130111.777:WARNING:pe_image_reader.cc(340)] could not read dos header from C:\WINDOWS\system32\mswsock.dll
[0724/130111.777:ERROR:process_memory_win.cc(73)] ReadMemory at 0x7ffbd56e0000 of 64 bytes failed: Somente uma parte de um pedido ReadProcessMemory ou WriteProcessMemory foi concluída. (0x12B)
[0724/130111.777:WARNING:pe_image_reader.cc(340)] could not read dos header from C:\Windows\System32\rasadhlp.dll
[0724/130111.777:ERROR:process_memory_win.cc(73)] ReadMemory at 0x7ffbd56e0000 of 64 bytes failed: Somente uma parte de um pedido ReadProcessMemory ou WriteProcessMemory foi concluída. (0x12B)
[0724/130111.777:WARNING:pe_image_reader.cc(340)] could not read dos header from C:\Windows\System32\rasadhlp.dll
[0724/130111.778:ERROR:process_memory_win.cc(73)] ReadMemory at 0x7ffbd5a00000 of 64 bytes failed: Somente uma parte de um pedido ReadProcessMemory ou WriteProcessMemory foi concluída. (0x12B)
[0724/130111.778:WARNING:pe_image_reader.cc(340)] could not read dos header from C:\WINDOWS\System32\fwpuclnt.dll
[0724/130111.778:ERROR:process_memory_win.cc(73)] ReadMemory at 0x7ffbd5a00000 of 64 bytes failed: Somente uma parte de um pedido ReadProcessMemory ou WriteProcessMemory foi concluída. (0x12B)
[0724/130111.778:WARNING:pe_image_reader.cc(340)] could not read dos header from C:\WINDOWS\System32\fwpuclnt.dll
[0724/130111.778:ERROR:process_memory_win.cc(73)] ReadMemory at 0x7ffbda640000 of 64 bytes failed: Somente uma parte de um pedido ReadProcessMemory ou WriteProcessMemory foi concluída. (0x12B)
[0724/130111.778:WARNING:pe_image_reader.cc(340)] could not read dos header from C:\WINDOWS\system32\rsaenh.dll
[0724/130111.778:ERROR:process_memory_win.cc(73)] ReadMemory at 0x7ffbda640000 of 64 bytes failed: Somente uma parte de um pedido ReadProcessMemory ou WriteProcessMemory foi concluída. (0x12B)
[0724/130111.778:WARNING:pe_image_reader.cc(340)] could not read dos header from C:\WINDOWS\system32\rsaenh.dll
[0724/130111.779:ERROR:process_memory_win.cc(73)] ReadMemory at 0x7ffbd9ee0000 of 64 bytes failed: Somente uma parte de um pedido ReadProcessMemory ou WriteProcessMemory foi concluída. (0x12B)
[0724/130111.779:WARNING:pe_image_reader.cc(340)] could not read dos header from C:\WINDOWS\SYSTEM32\gpapi.dll
[0724/130111.779:ERROR:process_memory_win.cc(73)] ReadMemory at 0x7ffbd9ee0000 of 64 bytes failed: Somente uma parte de um pedido ReadProcessMemory ou WriteProcessMemory foi concluída. (0x12B)
[0724/130111.779:WARNING:pe_image_reader.cc(340)] could not read dos header from C:\WINDOWS\SYSTEM32\gpapi.dll
[0724/130111.779:ERROR:process_memory_win.cc(73)] ReadMemory at 0x7ffbd3ee0000 of 64 bytes failed: Somente uma parte de um pedido ReadProcessMemory ou WriteProcessMemory foi concluída. (0x12B)
[0724/130111.779:WARNING:pe_image_reader.cc(340)] could not read dos header from C:\Windows\System32\cryptnet.dll
[0724/130111.779:ERROR:process_memory_win.cc(73)] ReadMemory at 0x7ffbd3ee0000 of 64 bytes failed: Somente uma parte de um pedido ReadProcessMemory ou WriteProcessMemory foi concluída. (0x12B)
[0724/130111.779:WARNING:pe_image_reader.cc(340)] could not read dos header from C:\Windows\System32\cryptnet.dll
[0724/130111.779:ERROR:process_memory_win.cc(73)] ReadMemory at 0x7ffbda320000 of 64 bytes failed: Somente uma parte de um pedido ReadProcessMemory ou WriteProcessMemory foi concluída. (0x12B)
[0724/130111.779:WARNING:pe_image_reader.cc(340)] could not read dos header from C:\WINDOWS\SYSTEM32\ntmarta.dll
[0724/130111.779:ERROR:process_memory_win.cc(73)] ReadMemory at 0x7ffbda320000 of 64 bytes failed: Somente uma parte de um pedido ReadProcessMemory ou WriteProcessMemory foi concluída. (0x12B)
[0724/130111.779:WARNING:pe_image_reader.cc(340)] could not read dos header from C:\WINDOWS\SYSTEM32\ntmarta.dll
[0724/130111.779:ERROR:process_memory_win.cc(73)] ReadMemory at 0x7ffbde5a5fe8 of 8 bytes failed: Somente uma parte de um pedido ReadProcessMemory ou WriteProcessMemory foi concluída. (0x12B)
[0724/130111.780:ERROR:process_snapshot_win.cc(311)] failed to read target address
[0724/130111.781:ERROR:file_io_win.cc(161)] CreateFile C:\Users\Danielle\AppData\Local\Temp\scoped_dir11172_1522616693\Crashpad\settings.dat: O sistema não pode encontrar o caminho especificado. (0x3)
[0724/130111.782:ERROR:file_io_win.cc(170)] CreateFile C:\Users\Danielle\AppData\Local\Temp\scoped_dir11172_1522616693\Crashpad\reports\01405bd3-a6d2-4f26-9731-07054472da93.dmp: O sistema não pode encontrar o caminho especificado. (0x3)
[0724/130111.782:ERROR:crash_report_exception_handler.cc(97)] PrepareNewCrashReport failed
[0724/130111.782:ERROR:scoped_process_suspend.cc(40)] NtResumeProcess: Tentou-se acessar um processo de saída. (0xc000010a)
